This file contains any messages produced by compilers while
running configure, to aid debugging if configure makes a mistake.

It was created by configure, which was
generated by GNU Autoconf 2.53.  Invocation command line was

  $ ./configure 

## --------- ##
## Platform. ##
## --------- ##

hostname = jrrk-desktop
uname -m = i686
uname -r = 2.6.28-17-generic
uname -s = Linux
uname -v = #58-Ubuntu SMP Tue Dec 1 18:57:07 UTC 2009

/usr/bin/uname -p = unknown
/bin/uname -X     = unknown

/bin/arch              = unknown
/usr/bin/arch -k       = unknown
/usr/convex/getsysinfo = unknown
hostinfo               = unknown
/bin/machine           = unknown
/usr/bin/oslevel       = unknown
/bin/universe          = unknown

PATH: /home/jrrk/depot_tools
PATH: /usr/local/sbin
PATH: /usr/local/bin
PATH: /usr/sbin
PATH: /usr/bin
PATH: /sbin
PATH: /bin
PATH: /usr/games


## ----------- ##
## Core tests. ##
## ----------- ##

configure:1198: checking for a BSD-compatible install
configure:1252: result: /usr/bin/install -c
configure:1263: checking whether build environment is sane
configure:1306: result: yes
configure:1339: checking for gawk
configure:1368: result: no
configure:1339: checking for mawk
configure:1355: found /usr/bin/mawk
configure:1365: result: mawk
configure:1375: checking whether make sets ${MAKE}
configure:1395: result: yes
configure:1567: checking for style of include used by make
configure:1595: result: GNU
configure:1666: checking for gcc
configure:1682: found /usr/bin/gcc
configure:1692: result: gcc
configure:1936: checking for C compiler version
configure:1939: gcc --version </dev/null >&5
gcc (Ubuntu 4.3.3-5ubuntu4) 4.3.3
Copyright (C) 2008 Free Software Foundation, Inc.
This is free software; see the source for copying conditions.  There is NO
warranty; not even for MERCHANTABILITY or FITNESS FOR A PARTICULAR PURPOSE.

configure:1942: $? = 0
configure:1944: gcc -v </dev/null >&5
Using built-in specs.
Target: i486-linux-gnu
Configured with: ../src/configure -v --with-pkgversion='Ubuntu 4.3.3-5ubuntu4' --with-bugurl=file:///usr/share/doc/gcc-4.3/README.Bugs --enable-languages=c,c++,fortran,objc,obj-c++ --prefix=/usr --enable-shared --with-system-zlib --libexecdir=/usr/lib --without-included-gettext --enable-threads=posix --enable-nls --with-gxx-include-dir=/usr/include/c++/4.3 --program-suffix=-4.3 --enable-clocale=gnu --enable-libstdcxx-debug --enable-objc-gc --enable-mpfr --enable-targets=all --with-tune=generic --enable-checking=release --build=i486-linux-gnu --host=i486-linux-gnu --target=i486-linux-gnu
Thread model: posix
gcc version 4.3.3 (Ubuntu 4.3.3-5ubuntu4) 
configure:1947: $? = 0
configure:1949: gcc -V </dev/null >&5
gcc: '-V' option must have argument
configure:1952: $? = 1
configure:1978: checking for C compiler default output
configure:1981: gcc    conftest.c  >&5
configure:1984: $? = 0
configure:2017: result: a.out
configure:2022: checking whether the C compiler works
configure:2028: ./a.out
configure:2031: $? = 0
configure:2046: result: yes
configure:2053: checking whether we are cross compiling
configure:2055: result: no
configure:2058: checking for suffix of executables
configure:2060: gcc -o conftest    conftest.c  >&5
configure:2063: $? = 0
configure:2085: result: 
configure:2091: checking for suffix of object files
configure:2115: gcc -c   conftest.c >&5
configure:2118: $? = 0
configure:2137: result: o
configure:2141: checking whether we are using the GNU C compiler
configure:2168: gcc -c   conftest.c >&5
configure:2171: $? = 0
configure:2174: test -s conftest.o
configure:2177: $? = 0
configure:2189: result: yes
configure:2195: checking whether gcc accepts -g
configure:2219: gcc -c -g  conftest.c >&5
configure:2222: $? = 0
configure:2225: test -s conftest.o
configure:2228: $? = 0
configure:2238: result: yes
configure:2265: gcc -c -g -O2  conftest.c >&5
conftest.c:2: error: expected '=', ',', ';', 'asm' or '__attribute__' before 'me'
configure:2268: $? = 1
configure: failed program was:
#ifndef __cplusplus
  choke me
#endif
configure:2380: checking dependency style of gcc
configure:2442: result: gcc3
configure:2449: checking for strerror in -lcposix
configure:2482: gcc -o conftest -g -O2   conftest.c -lcposix   >&5
/usr/bin/ld: cannot find -lcposix
collect2: ld returned 1 exit status
configure:2485: $? = 1
configure: failed program was:
#line 2456 "configure"
#include "confdefs.h"

/* Override any gcc2 internal prototype to avoid an error.  */
#ifdef __cplusplus
extern "C"
#endif
/* We use char because int might match the return type of a gcc2
   builtin and then its argument prototype would still apply.  */
char strerror ();
#ifdef F77_DUMMY_MAIN
#  ifdef __cplusplus
     extern "C"
#  endif
   int F77_DUMMY_MAIN() { return 1; }
#endif
int
main ()
{
strerror ();
  ;
  return 0;
}
configure:2502: result: no
configure:2556: checking for gcc
configure:2582: result: gcc
configure:2826: checking for C compiler version
configure:2829: gcc --version </dev/null >&5
gcc (Ubuntu 4.3.3-5ubuntu4) 4.3.3
Copyright (C) 2008 Free Software Foundation, Inc.
This is free software; see the source for copying conditions.  There is NO
warranty; not even for MERCHANTABILITY or FITNESS FOR A PARTICULAR PURPOSE.

configure:2832: $? = 0
configure:2834: gcc -v </dev/null >&5
Using built-in specs.
Target: i486-linux-gnu
Configured with: ../src/configure -v --with-pkgversion='Ubuntu 4.3.3-5ubuntu4' --with-bugurl=file:///usr/share/doc/gcc-4.3/README.Bugs --enable-languages=c,c++,fortran,objc,obj-c++ --prefix=/usr --enable-shared --with-system-zlib --libexecdir=/usr/lib --without-included-gettext --enable-threads=posix --enable-nls --with-gxx-include-dir=/usr/include/c++/4.3 --program-suffix=-4.3 --enable-clocale=gnu --enable-libstdcxx-debug --enable-objc-gc --enable-mpfr --enable-targets=all --with-tune=generic --enable-checking=release --build=i486-linux-gnu --host=i486-linux-gnu --target=i486-linux-gnu
Thread model: posix
gcc version 4.3.3 (Ubuntu 4.3.3-5ubuntu4) 
configure:2837: $? = 0
configure:2839: gcc -V </dev/null >&5
gcc: '-V' option must have argument
configure:2842: $? = 1
configure:2845: checking whether we are using the GNU C compiler
configure:2893: result: yes
configure:2899: checking whether gcc accepts -g
configure:2942: result: yes
configure:2969: gcc -c -g -O2  conftest.c >&5
conftest.c:2: error: expected '=', ',', ';', 'asm' or '__attribute__' before 'me'
configure:2972: $? = 1
configure: failed program was:
#ifndef __cplusplus
  choke me
#endif
configure:3084: checking dependency style of gcc
configure:3146: result: gcc3
configure:3154: checking for gcc option to accept ANSI C
configure:3220: gcc  -c -g -O2  conftest.c >&5
configure:3223: $? = 0
configure:3226: test -s conftest.o
configure:3229: $? = 0
configure:3243: result: none needed
configure:3259: checking how to run the C preprocessor
configure:3285: gcc -E  conftest.c
configure:3291: $? = 0
configure:3318: gcc -E  conftest.c
configure:3314:28: error: ac_nonexistent.h: No such file or directory
configure:3324: $? = 1
configure: failed program was:
#line 3313 "configure"
#include "confdefs.h"
#include <ac_nonexistent.h>
configure:3361: result: gcc -E
configure:3376: gcc -E  conftest.c
configure:3382: $? = 0
configure:3409: gcc -E  conftest.c
configure:3405:28: error: ac_nonexistent.h: No such file or directory
configure:3415: $? = 1
configure: failed program was:
#line 3404 "configure"
#include "confdefs.h"
#include <ac_nonexistent.h>
configure:3455: checking for ANSI C header files
configure:3469: gcc -E  conftest.c
configure:3475: $? = 0
configure:3562: gcc -o conftest -g -O2   conftest.c  >&5
configure: In function 'main':
configure:3553: warning: incompatible implicit declaration of built-in function 'exit'
configure:3565: $? = 0
configure:3567: ./conftest
configure:3570: $? = 0
configure:3584: result: yes
configure:3635: checking for ranlib
configure:3651: found /usr/bin/ranlib
configure:3662: result: ranlib
configure:3723: checking for gtk-config
configure:3741: found /usr/bin/gtk-config
configure:3754: result: /usr/bin/gtk-config
configure:3762: checking for GTK - version >= 1.2.0
configure:3865: gcc -o conftest -g -O2 -I/usr/include/gtk-1.2 -I/usr/include/glib-1.2 -I/usr/lib/glib/include   conftest.c -L/usr/lib -lgtk -lgdk -rdynamic -lgmodule -lglib -ldl -lXi -lXext -lX11 -lm  >&5
configure: In function 'main':
configure:3797: warning: ignoring return value of 'system', declared with attribute warn_unused_result
configure:3868: $? = 0
configure:3870: ./conftest
configure:3873: $? = 0
configure:3890: result: yes
configure:3979: checking POSIX termios
configure:4006: gcc -o conftest -g -O2   conftest.c  >&5
configure:4009: $? = 0
configure:4012: test -s conftest
configure:4015: $? = 0
configure:4025: result: yes
configure:4151: creating ./config.status

## ---------------------- ##
## Running config.status. ##
## ---------------------- ##

This file was extended by config.status, which was
generated by GNU Autoconf 2.53.  Invocation command line was

  CONFIG_FILES    = 
  CONFIG_HEADERS  = 
  CONFIG_LINKS    = 
  CONFIG_COMMANDS = 
  $ ./config.status 

on jrrk-desktop

config.status:607: creating Makefile
config.status:607: creating src/Makefile
config.status:607: creating src/ccd/Makefile
config.status:607: creating src/gsc/Makefile
config.status:711: creating src/config.h
config.status:903: executing depfiles commands

## ---------------- ##
## Cache variables. ##
## ---------------- ##

ac_cv_c_compiler_gnu=yes
ac_cv_env_CC_set=
ac_cv_env_CC_value=
ac_cv_env_CFLAGS_set=
ac_cv_env_CFLAGS_value=
ac_cv_env_CPPFLAGS_set=
ac_cv_env_CPPFLAGS_value=
ac_cv_env_CPP_set=
ac_cv_env_CPP_value=
ac_cv_env_LDFLAGS_set=
ac_cv_env_LDFLAGS_value=
ac_cv_env_build_alias_set=
ac_cv_env_build_alias_value=
ac_cv_env_host_alias_set=
ac_cv_env_host_alias_value=
ac_cv_env_target_alias_set=
ac_cv_env_target_alias_value=
ac_cv_exeext=
ac_cv_header_stdc=yes
ac_cv_lib_cposix_strerror=no
ac_cv_objext=o
ac_cv_path_GTK_CONFIG=/usr/bin/gtk-config
ac_cv_path_install='/usr/bin/install -c'
ac_cv_prog_AWK=mawk
ac_cv_prog_CPP='gcc -E'
ac_cv_prog_ac_ct_CC=gcc
ac_cv_prog_ac_ct_RANLIB=ranlib
ac_cv_prog_cc_g=yes
ac_cv_prog_make_make_set=yes
am_cv_CC_dependencies_compiler_type=gcc3
am_cv_prog_cc_stdc=
am_cv_sys_posix_termios=yes

## ----------- ##
## confdefs.h. ##
## ----------- ##

#define PACKAGE_NAME ""
#define PACKAGE_TARNAME ""
#define PACKAGE_VERSION ""
#define PACKAGE_STRING ""
#define PACKAGE_BUGREPORT ""
#define PACKAGE "gcx"
#define VERSION "0.7.6"
#define STDC_HEADERS 1
#define PACKAGE_DATA_DIR "/usr/local/share/gcx"
#define PACKAGE_SOURCE_DIR "/home/jrrk/gcx-0.7.6"

configure: exit 0
